<?xml version="1.0" encoding="UTF-8"?>
<!-- Generated by org.testng.reporters.JUnitReportReporter -->
<testsuite hostname="AyazHassan" failures="0" tests="1" name="test.MainTest" time="10.649" errors="0" timestamp="2024-10-19T14:01:04 BDT" skipped="0">
  <testcase classname="test.MainTest" name="test" time="10.649"/>
</testsuite> <!-- test.MainTest -->
