<?xml version="1.0" encoding="UTF-8"?>
<!-- Generated by org.testng.reporters.JUnitReportReporter -->
<testsuite hostname="AyazHassan" failures="0" tests="1" name="test.MainTest" time="8.269" errors="0" timestamp="2024-10-18T13:00:40 BDT" skipped="0">
  <testcase classname="test.MainTest" name="test" time="8.269"/>
</testsuite> <!-- test.MainTest -->
