<?xml version="1.0" encoding="UTF-8"?>
<!-- Generated by org.testng.reporters.JUnitReportReporter -->
<testsuite hostname="AyazHassan" failures="0" tests="1" name="test.MainTest" time="9.188" errors="0" timestamp="2024-10-18T09:34:44 BDT" skipped="0">
  <testcase classname="test.MainTest" name="test" time="9.188"/>
</testsuite> <!-- test.MainTest -->
