<?xml version="1.0" encoding="UTF-8"?>
<!-- Generated by org.testng.reporters.JUnitReportReporter -->
<testsuite hostname="AyazHassan" failures="0" tests="1" name="test.MainTest" time="14.541" errors="0" timestamp="26 Oct 2024 07:04:30 GMT">
  <testcase classname="test.MainTest" name="test" time="14.541"/>
</testsuite> <!-- test.MainTest -->
